<?xml version="1.0" encoding="UTF-8"?>
<!-- Generated by org.testng.reporters.JUnitReportReporter -->
<testsuite name="rockall.rockall.AppTest" tests="5" time="40.429" ignored="0" failures="0" timestamp="25 Nov 2019 14:58:11 GMT" skipped="0" hostname="DESKTOP-0502D5G" errors="0">
  <testcase name="testParameterWithXML" time="7.697" classname="rockall.rockall.AppTest"/>
  <testcase name="testParameterWithXML" time="20.704" classname="rockall.rockall.AppTest"/>
  <testcase name="testParameterWithXML" time="4.151" classname="rockall.rockall.AppTest"/>
  <testcase name="testParameterWithXML" time="4.268" classname="rockall.rockall.AppTest"/>
  <testcase name="testParameterWithXML" time="3.609" classname="rockall.rockall.AppTest"/>
</testsuite> <!-- rockall.rockall.AppTest -->
