<?xml version="1.0" encoding="UTF-8"?>
<!-- Generated by org.testng.reporters.JUnitReportReporter -->
<testsuite name="rockall.rockall.AppTest" tests="5" time="26.044" ignored="0" failures="0" timestamp="25 Nov 2019 14:50:04 GMT" skipped="0" hostname="DESKTOP-0502D5G" errors="0">
  <testcase name="testParameterWithXML" time="3.796" classname="rockall.rockall.AppTest"/>
  <testcase name="testParameterWithXML" time="9.561" classname="rockall.rockall.AppTest"/>
  <testcase name="testParameterWithXML" time="4.080" classname="rockall.rockall.AppTest"/>
  <testcase name="testParameterWithXML" time="4.260" classname="rockall.rockall.AppTest"/>
  <testcase name="testParameterWithXML" time="4.347" classname="rockall.rockall.AppTest"/>
</testsuite> <!-- rockall.rockall.AppTest -->
